[00:57:42] [ServerMain/INFO]: Environment: authHost='https://authserver.mojang.com', accountsHost='https://api.mojang.com', sessionHost='https://sessionserver.mojang.com', servicesHost='https://api.minecraftservices.com', name='PROD'
[00:57:44] [ServerMain/INFO]: Loaded 7 recipes
[00:57:45] [Server thread/INFO]: Starting minecraft server version 1.20.1
[00:57:45] [Server thread/INFO]: Loading properties
[00:57:45] [Server thread/INFO]: This server is running Paper version git-Paper-196 (MC: 1.20.1) (Implementing API version 1.20.1-R0.1-SNAPSHOT) (Git: 773dd72)
[00:57:47] [Server thread/INFO]: Server Ping Player Sample Count: 12
[00:57:47] [Server thread/INFO]: Using 4 threads for Netty based IO
[00:57:47] [Server thread/WARN]: [!] The timings profiler has been enabled but has been scheduled for removal from Paper in the future.
    We recommend installing the spark profiler as a replacement: https://spark.lucko.me/
    For more information please visit: https://github.com/PaperMC/Paper/issues/8948
[00:57:47] [Server thread/INFO]: [ChunkTaskScheduler] Chunk system is using 1 I/O threads, 1 worker threads, and gen parallelism of 1 threads
[00:57:47] [Server thread/INFO]: Default game type: SURVIVAL
[00:57:47] [Server thread/INFO]: Generating keypair
[00:57:48] [Server thread/INFO]: Starting Minecraft server on *:25565
[00:57:48] [Server thread/INFO]: Using epoll channel type
[00:57:48] [Server thread/INFO]: Paper: Using libdeflate (Linux x86_64) compression from Velocity.
[00:57:48] [Server thread/INFO]: Paper: Using OpenSSL 1.1.x (Linux x86_64) cipher from Velocity.
[00:57:48] [Server thread/INFO]: [Oneblock] Loading server plugin Oneblock v1.2.8
[00:57:48] [Server thread/INFO]: [VoidGen] Loading server plugin VoidGen v2.2.1
[00:57:48] [Server thread/INFO]: [Multiverse-Core] Loading server plugin Multiverse-Core v4.3.1-b861
[00:57:48] [Server thread/INFO]: Server permissions file permissions.yml is empty, ignoring it
[00:57:48] [Server thread/INFO]: [VoidGen] Enabling VoidGen v2.2.1
[00:57:48] [Server thread/INFO]: [VoidGen] Using VoidChunkGen: VERSION_UNKNOWN
[00:57:48] [Server thread/WARN]: **** SERVER IS RUNNING IN OFFLINE/INSECURE MODE!
[00:57:48] [Server thread/WARN]: The server will make no attempt to authenticate usernames. Beware.
[00:57:48] [Server thread/WARN]: While this makes the game possible to play without internet access, it also opens up the ability for hackers to connect with any username they choose.
[00:57:48] [Server thread/WARN]: To change this, set "online-mode" to "true" in the server.properties file.
[00:57:48] [Server thread/INFO]: Preparing level "world"
[00:57:49] [Server thread/INFO]: Preparing start region for dimension minecraft:overworld
[00:57:50] [Server thread/INFO]: Time elapsed: 466 ms
[00:57:50] [Server thread/INFO]: Preparing start region for dimension minecraft:the_nether
[00:57:50] [Server thread/INFO]: Time elapsed: 187 ms
[00:57:50] [Server thread/INFO]: Preparing start region for dimension minecraft:the_end
[00:57:50] [Server thread/INFO]: Time elapsed: 144 ms
[00:57:50] [Server thread/INFO]: [Oneblock] Enabling Oneblock v1.2.8
[00:57:50] [Server thread/INFO]: [Oneblock] 
┏━┓····┏━━┓·····┏┓
┃┃┣━┳┳━┫┏┓┣┓┏━┳━┫┣┓
┃┃┃┃┃┃┻┫┏┓┃┗┫╋┃━┫━┫
┗━┻┻━┻━┻━━┻━┻━┻━┻┻┛ by MrMarL
[00:57:50] [Server thread/ERROR]: [Oneblock] Failed to register events for class Oneblock.Oneblock$ItemsAdderEvent because dev/lone/itemsadder/api/Events/ItemsAdderLoadDataEvent does not exist.
[00:57:50] [Server thread/INFO]: [Multiverse-Core] Enabling Multiverse-Core v4.3.1-b861
[00:57:50] [Server thread/WARN]: [Multiverse-Core] "Multiverse-Core v4.3.1-b861" has registered a listener for org.bukkit.event.entity.EntityCreatePortalEvent on method "public void com.onarandombox.MultiverseCore.listeners.MVPortalListener.entityPortalCreate(org.bukkit.event.entity.EntityCreatePortalEvent)", but the event is Deprecated. "Server performance will be affected"; please notify the authors [dumptruckman, Rigby, fernferret, lithium3141, main--].
[00:57:50] [Server thread/INFO]: [Multiverse-Core] §aWe are aware of the warning about the deprecated event. There is no alternative that allows us to do what we need to do and performance impact is negligible. It is safe to ignore.
[00:57:50] [Server thread/INFO]: [Multiverse-Core] 3 - World(s) loaded.
[00:57:50] [Server thread/WARN]: [Multiverse-Core] Buscript failed to load! The script command will be disabled! If you would like not to see this message, use `/mv conf enablebuscript false` to disable Buscript from loading.
[00:57:50] [Server thread/INFO]: [Multiverse-Core] Version 4.3.1-b861 (API v24) Enabled - By dumptruckman, Rigby, fernferret, lithium3141 and main--
[00:57:51] [Server thread/INFO]: Running delayed init tasks
[00:57:51] [Server thread/INFO]: Done (5.567s)! For help, type "help"
[00:57:51] [Server thread/INFO]: Timings Reset
[00:58:59] [Server thread/INFO]: Unknown command. Type "/help" for help.
[00:59:09] [User Authenticator #0/INFO]: UUID of player Seta33 is 14639684-7cba-383d-9504-86ac9ad2ef9e
[00:59:10] [Server thread/INFO]: Seta33 joined the game
[00:59:10] [Server thread/INFO]: Seta33[/127.117.158.103:38225] logged in with entity id 155 at ([world]-0.699999988079071, 113.0, 0.2921353731116452)
[01:01:16] [Server thread/INFO]: Seta33 issued server command: /mv create oneblock normal -g voidgen
[01:01:31] [Server thread/INFO]: Made Seta33 a server operator
[01:01:49] [Server thread/INFO]: Seta33 issued server command: /mv create oneblock -g voidgen
[01:02:50] [Server thread/INFO]: Seta33 issued server command: /mv create oneblock normal -g voidgen
[01:02:50] [Server thread/INFO]: [VoidGen] Generator settings have not been set. Using default values:
[01:02:50] [Server thread/INFO]: [VoidGen] {"caves":false,"decoration":false,"mobs":false,"structures":false,"noise":false,"surface":false,"bedrock":false}
[01:02:50] [Server thread/INFO]: Seta33: Starting creation of world 'oneblock'...
[01:02:50] [Server thread/INFO]: [VoidGen] Generator settings have not been set. Using default values:
[01:02:50] [Server thread/INFO]: [VoidGen] {"caves":false,"decoration":false,"mobs":false,"structures":false,"noise":false,"surface":false,"bedrock":false}
[01:02:50] [Server thread/INFO]: [Multiverse-Core] Loading World & Settings - 'oneblock' - Env: NORMAL - Type: NORMAL & generator: voidgen
[01:02:50] [Server thread/INFO]: Preparing start region for dimension minecraft:oneblock
[01:02:51] [Server thread/INFO]: Time elapsed: 43 ms
[01:02:53] [Server thread/WARN]: [Multiverse-Core] Spawn location from world.dat file was unsafe. Adjusting...
[01:02:53] [Server thread/WARN]: [Multiverse-Core] Original Location: X: 0 Y: 64 Z: 0 P: 0 Y: 0 
[01:02:55] [Server thread/INFO]: [Multiverse-Core] New Spawn for 'oneblock' is located at: oneblock:0.00,65.00,0.00:0.00:0.00
[01:02:55] [Server thread/INFO]: Seta33: Complete!
[01:03:05] [Server thread/INFO]: Seta33 issued server command: /tp oneblock
[01:03:16] [Server thread/INFO]: Seta33 issued server command: /tp oneblock
[01:03:50] [Server thread/INFO]: Seta33 issued server command: /mv tp oneblock
[01:04:25] [Server thread/INFO]: Seta33 issued server command: /ob set
[01:04:30] [Server thread/INFO]: Seta33 issued server command: /gamemode creative
[01:04:30] [Server thread/INFO]: [Seta33: Set own game mode to Creative Mode]
[01:04:33] [Server thread/INFO]: Seta33 fell out of the world
[01:04:46] [Server thread/INFO]: Seta33 issued server command: /gamemode creative
[01:04:59] [Server thread/INFO]: Seta33 issued server command: /ob
[01:05:03] [Server thread/INFO]: Seta33 issued server command: /gamemode survival
[01:05:03] [Server thread/INFO]: [Seta33: Set own game mode to Survival Mode]
[01:06:00] [Server thread/INFO]: Seta33 lost connection: Disconnected
[01:06:00] [Server thread/INFO]: Seta33 left the game
[01:06:06] [User Authenticator #1/INFO]: UUID of player Seta33 is 14639684-7cba-383d-9504-86ac9ad2ef9e
[01:06:06] [Server thread/INFO]: Seta33 joined the game
[01:06:06] [Server thread/INFO]: Seta33[/127.117.158.103:47751] logged in with entity id 678 at ([oneblock]0.37836148466645214, 66.0, 0.11885706421166618)
